2015.11.04 02:21:33.560 MSK INFO: *** SYSTEM START ***
2015.11.04 02:29:38.718 MSK INFO: *** SYSTEM START ***
2015.11.04 02:32:53.905 MSK INFO: *** SYSTEM START ***
2015.11.04 02:37:12.622 MSK INFO: *** SYSTEM START ***
2015.11.04 02:37:14.426 MSK WARNING: [Local Folder Repository] The specified file must be a directory. (E:\Учёба\Магистратура 3 семестр\МДП\My project\FamilySpring\plugins\edu.stanford.smi.protegex.owl) -- LocalFolderRepository.update()
2015.11.04 02:39:11.907 MSK INFO: *** SYSTEM START ***
2015.11.04 02:39:13.319 MSK WARNING: [Local Folder Repository] The specified file must be a directory. (E:\Учёба\Магистратура 3 семестр\МДП\My project\FamilySpring\plugins\edu.stanford.smi.protegex.owl) -- LocalFolderRepository.update()
2015.11.04 10:48:02.835 MSK INFO: *** SYSTEM START ***
2015.11.04 10:48:04.944 MSK WARNING: [Local Folder Repository] The specified file must be a directory. (E:\Учёба\Магистратура 3 семестр\МДП\My project\FamilySpring\plugins\edu.stanford.smi.protegex.owl) -- LocalFolderRepository.update()
2015.11.04 10:48:06.559 MSK INFO: ... saving successful to: E:\Учёба\Магистратура 3 семестр\МДП\My project\FamilySpring\FamilySpring.owl -- Protege2Jena.saveAll()
2015.11.04 11:07:34.546 MSK WARNING: [Local Folder Repository] The specified file must be a directory. (E:\Учёба\Магистратура 3 семестр\МДП\My project\FamilySpring\plugins\edu.stanford.smi.protegex.owl) -- LocalFolderRepository.update()
2015.11.04 11:07:34.592 MSK INFO: ... saving successful to: E:\Учёба\Магистратура 3 семестр\МДП\My project\FamilySpring\FamilySpring.owl -- Protege2Jena.saveAll()
2015.11.04 15:07:57.203 MSK INFO: *** SYSTEM START ***
2015.11.04 15:08:02.378 MSK WARNING: [Local Folder Repository] The specified file must be a directory. (E:\Учёба\Магистратура 3 семестр\МДП\My project\FamilySpring\plugins\edu.stanford.smi.protegex.owl) -- LocalFolderRepository.update()
2015.11.04 15:08:49.280 MSK WARNING: [Local Folder Repository] The specified file must be a directory. (E:\Учёба\Магистратура 3 семестр\МДП\My project\FamilySpring\plugins\edu.stanford.smi.protegex.owl) -- LocalFolderRepository.update()
2015.11.04 15:08:49.397 MSK INFO: ... saving successful to: E:\Учёба\Магистратура 3 семестр\МДП\My project\FamilySpring\FamilySpring.owl -- Protege2Jena.saveAll()
2015.11.05 01:17:53.986 MSK INFO: *** SYSTEM START ***
2015.11.05 01:17:55.518 MSK WARNING: [Local Folder Repository] The specified file must be a directory. (E:\Учёба\Магистратура 3 семестр\МДП\My project\FamilySpring\plugins\edu.stanford.smi.protegex.owl) -- LocalFolderRepository.update()
2015.11.05 01:17:58.178 MSK INFO: ... saving successful to: E:\Учёба\Магистратура 3 семестр\МДП\My project\FamilySpring\FamilySpring.owl -- Protege2Jena.saveAll()
2015.11.05 01:19:23.185 MSK INFO: *** SYSTEM START ***
2015.11.05 01:19:24.351 MSK WARNING: [Local Folder Repository] The specified file must be a directory. (E:\Учёба\Магистратура 3 семестр\МДП\My project\FamilySpring\plugins\edu.stanford.smi.protegex.owl) -- LocalFolderRepository.update()
2015.11.05 01:19:25.560 MSK INFO: ... saving successful to: E:\Учёба\Магистратура 3 семестр\МДП\My project\FamilySpring\FamilySpring.owl -- Protege2Jena.saveAll()
2015.11.05 01:23:14.465 MSK INFO: *** SYSTEM START ***
2015.11.05 01:23:15.771 MSK WARNING: [Local Folder Repository] The specified file must be a directory. (E:\Учёба\Магистратура 3 семестр\МДП\My project\FamilySpring\plugins\edu.stanford.smi.protegex.owl) -- LocalFolderRepository.update()
2015.11.05 01:23:17.143 MSK INFO: ... saving successful to: E:\Учёба\Магистратура 3 семестр\МДП\My project\FamilySpring\FamilySpring.owl -- Protege2Jena.saveAll()
2015.11.05 10:39:10.552 MSK INFO: *** SYSTEM START ***
2015.11.05 10:39:12.119 MSK WARNING: [Local Folder Repository] The specified file must be a directory. (E:\Учёба\Магистратура 3 семестр\МДП\My project\FamilySpring\plugins\edu.stanford.smi.protegex.owl) -- LocalFolderRepository.update()
2015.11.05 10:39:13.446 MSK INFO: ... saving successful to: E:\Учёба\Магистратура 3 семестр\МДП\My project\FamilySpring\FamilySpring.owl -- Protege2Jena.saveAll()
2015.11.05 10:39:18.636 MSK WARNING: [Local Folder Repository] The specified file must be a directory. (E:\Учёба\Магистратура 3 семестр\МДП\My project\FamilySpring\plugins\edu.stanford.smi.protegex.owl) -- LocalFolderRepository.update()
2015.11.05 10:39:18.841 MSK INFO: Loading triples from: file:/E:/Учёба/Магистратура%203%20семестр/МДП/My%20project/FamilySpring/FamilySpring.owl -- ProtegeOWLParser.loadTriples()
2015.11.05 10:39:18.866 MSK INFO:     Completed triple loading after 15 ms -- ProtegeOWLParser.loadTriples()
2015.11.05 10:39:18.870 MSK INFO: Postprocess: Process entities with incorrect Java type (0 entities) ...  -- TriplePostProcessor.processFramesWithWrongJavaType()
2015.11.05 10:39:18.871 MSK INFO: 0 ms
 -- TriplePostProcessor.processFramesWithWrongJavaType()
2015.11.05 10:39:18.871 MSK INFO: Postprocess: Process metaclasses (3 metaclasses) ...  -- TriplePostProcessor.processMetaclasses()
2015.11.05 10:39:18.872 MSK INFO: 0 ms
 -- TriplePostProcessor.processMetaclasses()
2015.11.05 10:39:18.872 MSK INFO: Postprocess: Process subclasses of rdf:List (1 classes) ...  -- TriplePostProcessor.processSubclassesOfRdfList()
2015.11.05 10:39:18.873 MSK INFO: 0 ms
 -- TriplePostProcessor.processSubclassesOfRdfList()
2015.11.05 10:39:18.873 MSK INFO: Postprocess: Instances with multiple types (0 instances) ...  -- TriplePostProcessor.processInstancesWithMultipleTypes()
2015.11.05 10:39:18.873 MSK INFO: 0 ms
 -- TriplePostProcessor.processInstancesWithMultipleTypes()
2015.11.05 10:39:18.874 MSK INFO: Postprocess: Add inferred superclasses ...  -- TriplePostProcessor.processInferredSuperclasses()
2015.11.05 10:39:18.874 MSK INFO: 0 ms
 -- TriplePostProcessor.processInferredSuperclasses()
2015.11.05 10:39:19.043 MSK INFO: Postprocess: Process orphan classes (0 classes) ...  -- TriplePostProcessor.processOrphanClses()
2015.11.05 10:39:19.043 MSK INFO: 0 ms
 -- TriplePostProcessor.processOrphanClses()
2015.11.05 10:39:19.044 MSK INFO: Postprocess: Generalized Concept Inclusion (0 axioms) ...  -- TriplePostProcessor.processGeneralizedConceptInclusions()
2015.11.05 10:39:19.044 MSK INFO: 0 ms
 -- TriplePostProcessor.processGeneralizedConceptInclusions()
2015.11.05 10:39:19.044 MSK INFO: Postprocess: Abstract classes...  -- TriplePostProcessor.processAbstractClasses()
2015.11.05 10:39:19.045 MSK INFO: 0 ms
 -- TriplePostProcessor.processAbstractClasses()
2015.11.05 10:39:19.045 MSK INFO: Postprocess: Domain and range of properties...  -- TriplePostProcessor.processDomainAndRange()
2015.11.05 10:39:19.046 MSK INFO: 1 ms
 -- TriplePostProcessor.processDomainAndRange()
2015.11.05 10:39:19.046 MSK INFO: Postprocess: Possibly typed entities (0 resources) ...  -- TriplePostProcessor.processPossiblyTypedResources()
2015.11.05 10:39:19.047 MSK INFO: 0 ms
 -- TriplePostProcessor.processPossiblyTypedResources()
2015.11.05 10:39:19.047 MSK INFO: Updating underlying frames model in 0 ms -- ProtegeOWLParser.doFinalPostProcessing()
2015.11.05 10:39:19.093 MSK INFO: ... saving successful to: E:\Учёба\Магистратура 3 семестр\МДП\My project\FamilySpring\FamilySpringNew.owl -- Protege2Jena.saveAll()
2015.11.05 20:52:00.456 MSK INFO: *** SYSTEM START ***
2015.11.05 20:52:02.112 MSK WARNING: [Local Folder Repository] The specified file must be a directory. (E:\Учёба\Магистратура 3 семестр\МДП\My project\FamilySpring\plugins\edu.stanford.smi.protegex.owl) -- LocalFolderRepository.update()
2015.11.05 20:52:03.822 MSK INFO: ... saving successful to: E:\Учёба\Магистратура 3 семестр\МДП\My project\FamilySpring\FamilySpring.owl -- Protege2Jena.saveAll()
2015.11.05 20:54:52.305 MSK WARNING: [Local Folder Repository] The specified file must be a directory. (E:\Учёба\Магистратура 3 семестр\МДП\My project\FamilySpring\plugins\edu.stanford.smi.protegex.owl) -- LocalFolderRepository.update()
2015.11.05 20:54:52.338 MSK INFO: ... saving successful to: E:\Учёба\Магистратура 3 семестр\МДП\My project\FamilySpring\FamilySpring.owl -- Protege2Jena.saveAll()
